\BOOKMARK [0][-]{chapter*.7}{\376\377\000A\000b\000r\000e\000v\000i\000a\000t\000u\000r\000a\000s\000\040\000y\000\040\000A\000c\000r\000\363\000n\000i\000m\000o\000s}{}% 1
\BOOKMARK [0][-]{chapter*.9}{\376\377\000G\000l\000o\000s\000a\000r\000i\000o}{}% 2
\BOOKMARK [0][-]{chapter.1}{\376\377\000I\000n\000t\000r\000o\000d\000u\000c\000c\000i\000\363\000n}{}% 3
\BOOKMARK [1][-]{section.1.1}{\376\377\000A\000n\000t\000e\000c\000e\000d\000e\000n\000t\000e\000s}{chapter.1}% 4
\BOOKMARK [1][-]{section.1.2}{\376\377\000P\000l\000a\000n\000t\000e\000a\000m\000i\000e\000n\000t\000o\000\040\000d\000e\000l\000\040\000p\000r\000o\000b\000l\000e\000m\000a}{chapter.1}% 5
\BOOKMARK [1][-]{section.1.3}{\376\377\000J\000u\000s\000t\000i\000f\000i\000c\000a\000c\000i\000\363\000n}{chapter.1}% 6
\BOOKMARK [1][-]{section.1.4}{\376\377\000C\000o\000n\000t\000r\000i\000b\000u\000c\000i\000\363\000n}{chapter.1}% 7
\BOOKMARK [1][-]{section.1.5}{\376\377\000O\000b\000j\000e\000t\000i\000v\000o\000s}{chapter.1}% 8
\BOOKMARK [2][-]{subsection.1.5.1}{\376\377\000O\000b\000j\000e\000t\000i\000v\000o\000\040\000g\000e\000n\000e\000r\000a\000l}{section.1.5}% 9
\BOOKMARK [2][-]{subsection.1.5.2}{\376\377\000O\000b\000j\000e\000t\000i\000v\000o\000s\000\040\000e\000s\000p\000e\000c\000\355\000f\000i\000c\000o\000s}{section.1.5}% 10
\BOOKMARK [1][-]{section.1.6}{\376\377\000H\000i\000p\000o\000t\000e\000s\000i\000s}{chapter.1}% 11
\BOOKMARK [1][-]{section.1.7}{\376\377\000A\000l\000c\000a\000n\000c\000e\000s\000\040\000y\000\040\000L\000i\000m\000i\000t\000a\000c\000i\000o\000n\000e\000s}{chapter.1}% 12
\BOOKMARK [1][-]{section.1.8}{\376\377\000M\000e\000t\000o\000d\000o\000l\000o\000g\000\355\000a}{chapter.1}% 13
\BOOKMARK [2][-]{subsection.1.8.1}{\376\377\000M\000a\000r\000c\000o\000\040\000M\000e\000t\000o\000d\000o\000l\000\363\000g\000i\000c\000o\000\040\000d\000e\000\040\000I\000n\000v\000e\000s\000t\000i\000g\000a\000c\000i\000\363\000n\000:\000\040\000D\000e\000s\000i\000g\000n\000\040\000S\000c\000i\000e\000n\000c\000e\000\040\000R\000e\000s\000e\000a\000r\000c\000h\000\040\000\050\000D\000S\000R\000\051}{section.1.8}% 14
\BOOKMARK [2][-]{subsection.1.8.2}{\376\377\000E\000s\000t\000r\000a\000t\000e\000g\000i\000a\000\040\000d\000e\000\040\000D\000i\000s\000e\000\361\000o\000\040\000y\000\040\000D\000e\000s\000a\000r\000r\000o\000l\000l\000o\000:\000\040\000K\000a\000n\000b\000a\000n}{section.1.8}% 15
\BOOKMARK [2][-]{subsection.1.8.3}{\376\377\000T\000i\000p\000o\000,\000\040\000A\000p\000l\000i\000c\000a\000c\000i\000\363\000n\000\040\000y\000\040\000J\000u\000s\000t\000i\000f\000i\000c\000a\000c\000i\000\363\000n}{section.1.8}% 16
\BOOKMARK [2][-]{subsection.1.8.4}{\376\377\000F\000a\000s\000e\000s\000\040\000d\000e\000\040\000D\000e\000s\000a\000r\000r\000o\000l\000l\000o\000\040\000y\000\040\000E\000n\000t\000r\000e\000g\000a\000b\000l\000e\000s}{section.1.8}% 17
\BOOKMARK [2][-]{subsection.1.8.5}{\376\377\000T\000i\000p\000o\000s\000\040\000y\000\040\000E\000n\000f\000o\000q\000u\000e\000\040\000d\000e\000\040\000I\000n\000v\000e\000s\000t\000i\000g\000a\000c\000i\000\363\000n}{section.1.8}% 18
\BOOKMARK [1][-]{section.1.9}{\376\377\000C\000r\000o\000n\000o\000g\000r\000a\000m\000a}{chapter.1}% 19
\BOOKMARK [1][-]{section.1.10}{}{chapter.1}% 20
\BOOKMARK [0][-]{chapter.2}{\376\377\000M\000a\000r\000c\000o\000\040\000t\000e\000\363\000r\000i\000c\000o}{}% 21
\BOOKMARK [1][-]{section.2.1}{\376\377\000M\000a\000r\000c\000o\000\040\000t\000\351\000c\000n\000i\000c\000o\000\040\000y\000\040\000c\000o\000n\000c\000e\000p\000t\000u\000a\000l}{chapter.2}% 22
\BOOKMARK [2][-]{subsection.2.1.1}{\376\377\000I\000n\000t\000r\000o\000d\000u\000c\000c\000i\000\363\000n}{section.2.1}% 23
\BOOKMARK [2][-]{subsection.2.1.2}{\376\377\000S\000i\000s\000t\000e\000m\000a\000s\000\040\000d\000e\000\040\000i\000n\000f\000o\000r\000m\000a\000c\000i\000\363\000n\000\040\000e\000n\000\040\000e\000l\000\040\000\341\000m\000b\000i\000t\000o\000\040\000d\000e\000\040\000l\000a\000\040\000s\000a\000l\000u\000d}{section.2.1}% 24
\BOOKMARK [2][-]{subsection.2.1.3}{\376\377\000R\000i\000e\000s\000g\000o\000\040\000c\000a\000r\000d\000i\000o\000v\000a\000s\000c\000u\000l\000a\000r}{section.2.1}% 25
\BOOKMARK [2][-]{subsection.2.1.4}{\376\377\000S\000i\000s\000t\000e\000m\000a\000s\000\040\000w\000e\000b}{section.2.1}% 26
\BOOKMARK [2][-]{subsection.2.1.5}{\376\377\000T\000e\000c\000n\000o\000l\000o\000g\000\355\000a\000s\000\040\000u\000t\000i\000l\000i\000z\000a\000d\000a\000s}{section.2.1}% 27
\BOOKMARK [2][-]{subsection.2.1.6}{\376\377\000U\000s\000a\000b\000i\000l\000i\000d\000a\000d}{section.2.1}% 28
\BOOKMARK [2][-]{subsection.2.1.7}{\376\377\000S\000e\000g\000u\000r\000i\000d\000a\000d\000\040\000d\000e\000\040\000l\000a\000\040\000i\000n\000f\000o\000r\000m\000a\000c\000i\000\363\000n}{section.2.1}% 29
\BOOKMARK [2][-]{subsection.2.1.8}{\376\377\000T\000r\000a\000b\000a\000j\000o\000s\000\040\000r\000e\000l\000a\000c\000i\000o\000n\000a\000d\000o\000s}{section.2.1}% 30
\BOOKMARK [2][-]{subsection.2.1.9}{\376\377\000S\000\355\000n\000t\000e\000s\000i\000s\000\040\000d\000e\000l\000\040\000c\000a\000p\000\355\000t\000u\000l\000o}{section.2.1}% 31
\BOOKMARK [1][-]{section.2.2}{\376\377\000C\000a\000p\000\355\000t\000u\000l\000o\000\040\000I\000I\000I\000:\000\040\000D\000i\000s\000e\000\361\000o\000\040\000y\000\040\000d\000e\000s\000a\000r\000r\000o\000l\000l\000o\000\040\000d\000e\000l\000\040\000s\000i\000s\000t\000e\000m\000a}{chapter.2}% 32
\BOOKMARK [2][-]{subsection.2.2.1}{\376\377\000I\000n\000t\000r\000o\000d\000u\000c\000c\000i\000\363\000n}{section.2.2}% 33
\BOOKMARK [2][-]{subsection.2.2.2}{\376\377\000A\000n\000\341\000l\000i\000s\000i\000s\000\040\000d\000e\000\040\000r\000e\000q\000u\000i\000s\000i\000t\000o\000s}{section.2.2}% 34
\BOOKMARK [2][-]{subsection.2.2.3}{\376\377\000P\000r\000o\000t\000o\000t\000i\000p\000a\000d\000o\000\040\000d\000e\000\040\000b\000a\000j\000a\000\040\000f\000i\000d\000e\000l\000i\000d\000a\000d}{section.2.2}% 35
\BOOKMARK [2][-]{subsection.2.2.4}{\376\377\000P\000r\000u\000e\000b\000a\000s\000\040\000d\000e\000\040\000p\000r\000o\000t\000o\000t\000i\000p\000a\000d\000o}{section.2.2}% 36
\BOOKMARK [2][-]{subsection.2.2.5}{\376\377\000P\000r\000o\000t\000o\000t\000i\000p\000a\000d\000o\000\040\000d\000e\000\040\000A\000F}{section.2.2}% 37
\BOOKMARK [2][-]{subsection.2.2.6}{\376\377\000P\000r\000u\000e\000b\000a\000s\000\040\000d\000e\000\040\000u\000s\000u\000a\000r\000i\000o}{section.2.2}% 38
\BOOKMARK [2][-]{subsection.2.2.7}{\376\377\000R\000e\000s\000u\000l\000t\000a\000d\000o\000s}{section.2.2}% 39
\BOOKMARK [2][-]{subsection.2.2.8}{\376\377\000C\000o\000n\000c\000l\000u\000s\000i\000o\000n\000e\000s}{section.2.2}% 40
\BOOKMARK [1][-]{section.2.3}{\376\377\000C\000a\000p\000\355\000t\000u\000l\000o\000\040\000I\000V\000:\000\040\000R\000e\000s\000u\000l\000t\000a\000d\000o\000s}{chapter.2}% 41
\BOOKMARK [2][-]{subsection.2.3.1}{\376\377\000I\000n\000t\000r\000o\000d\000u\000c\000c\000i\000\363\000n}{section.2.3}% 42
\BOOKMARK [2][-]{subsection.2.3.2}{\376\377\000R\000e\000s\000u\000l\000t\000a\000d\000o\000s\000\040\000d\000e\000l\000\040\000d\000e\000s\000a\000r\000r\000o\000l\000l\000o\000\040\000d\000e\000l\000\040\000s\000i\000s\000t\000e\000m\000a}{section.2.3}% 43
\BOOKMARK [2][-]{subsection.2.3.3}{\376\377\000R\000e\000s\000u\000l\000t\000a\000d\000o\000s\000\040\000d\000e\000\040\000l\000a\000s\000\040\000p\000r\000u\000e\000b\000a\000s}{section.2.3}% 44
\BOOKMARK [2][-]{subsection.2.3.4}{\376\377\000E\000v\000a\000l\000u\000a\000c\000i\000\363\000n\000\040\000d\000e\000l\000\040\000s\000i\000s\000t\000e\000m\000a}{section.2.3}% 45
\BOOKMARK [2][-]{subsection.2.3.5}{\376\377\000C\000o\000n\000c\000l\000u\000s\000i\000o\000n\000e\000s}{section.2.3}% 46
\BOOKMARK [1][-]{section.2.4}{\376\377\000C\000a\000p\000\355\000t\000u\000l\000o\000\040\000V\000:\000\040\000C\000o\000n\000c\000l\000u\000s\000i\000o\000n\000e\000s\000\040\000y\000\040\000t\000r\000a\000b\000a\000j\000o\000s\000\040\000f\000u\000t\000u\000r\000o\000s}{chapter.2}% 47
\BOOKMARK [2][-]{subsection.2.4.1}{\376\377\000C\000o\000n\000c\000l\000u\000s\000i\000o\000n\000e\000s}{section.2.4}% 48
\BOOKMARK [2][-]{subsection.2.4.2}{\376\377\000L\000i\000m\000i\000t\000a\000c\000i\000o\000n\000e\000s\000\040\000d\000e\000l\000\040\000e\000s\000t\000u\000d\000i\000o}{section.2.4}% 49
\BOOKMARK [2][-]{subsection.2.4.3}{\376\377\000T\000r\000a\000b\000a\000j\000o\000s\000\040\000f\000u\000t\000u\000r\000o\000s}{section.2.4}% 50
\BOOKMARK [0][-]{appendix.Alph1}{\376\377\000E\000s\000q\000u\000e\000m\000a\000\040\000d\000e\000\040\000b\000a\000s\000e\000\040\000d\000e\000\040\000d\000a\000t\000o\000s}{}% 51
